This is pdfTeX, Version 3.14159265-2.6-1.40.20 (TeX Live 2019/Debian) (preloaded format=pdflatex 2020.10.17)  2 FEB 2021 16:34
entering extended mode
 \write18 enabled.
 %&-line parsing enabled.
**main.tex
(./main.tex
LaTeX2e <2018-12-01>
(./llncs.cls
Document Class: llncs 2018/03/10 v2.20 
 LaTeX document class for Lecture Notes in Computer Science
(/usr/share/texlive/texmf-dist/tex/latex/base/article.cls
Document Class: article 2018/09/03 v1.4i Standard LaTeX document class
(/usr/share/texlive/texmf-dist/tex/latex/base/size10.clo
File: size10.clo 2018/09/03 v1.4i Standard LaTeX file (size option)
)
\c@part=\count80
\c@section=\count81
\c@subsection=\count82
\c@subsubsection=\count83
\c@paragraph=\count84
\c@subparagraph=\count85
\c@figure=\count86
\c@table=\count87
\abovecaptionskip=\skip41
\belowcaptionskip=\skip42
\bibindent=\dimen102
)
(/usr/share/texlive/texmf-dist/tex/latex/tools/multicol.sty
Package: multicol 2018/12/27 v1.8v multicolumn formatting (FMi)
\c@tracingmulticols=\count88
\mult@box=\box27
\multicol@leftmargin=\dimen103
\c@unbalance=\count89
\c@collectmore=\count90
\doublecol@number=\count91
\multicoltolerance=\count92
\multicolpretolerance=\count93
\full@width=\dimen104
\page@free=\dimen105
\premulticols=\dimen106
\postmulticols=\dimen107
\multicolsep=\skip43
\multicolbaselineskip=\skip44
\partial@page=\box28
\last@line=\box29
\maxbalancingoverflow=\dimen108
\mult@rightbox=\box30
\mult@grightbox=\box31
\mult@gfirstbox=\box32
\mult@firstbox=\box33
\@tempa=\box34
\@tempa=\box35
\@tempa=\box36
\@tempa=\box37
\@tempa=\box38
\@tempa=\box39
\@tempa=\box40
\@tempa=\box41
\@tempa=\box42
\@tempa=\box43
\@tempa=\box44
\@tempa=\box45
\@tempa=\box46
\@tempa=\box47
\@tempa=\box48
\@tempa=\box49
\@tempa=\box50
\c@columnbadness=\count94
\c@finalcolumnbadness=\count95
\last@try=\dimen109
\multicolovershoot=\dimen110
\multicolundershoot=\dimen111
\mult@nat@firstbox=\box51
\colbreak@box=\box52
\mc@col@check@num=\count96
)
(/usr/share/texlive/texmf-dist/tex/latex/oberdiek/aliascnt.sty
Package: aliascnt 2018/09/07 v1.5 Alias counters (HO)
)
\c@chapter=\count97
LaTeX Font Info:    Redeclaring math symbol \Gamma on input line 362.
LaTeX Font Info:    Redeclaring math symbol \Delta on input line 363.
LaTeX Font Info:    Redeclaring math symbol \Theta on input line 364.
LaTeX Font Info:    Redeclaring math symbol \Lambda on input line 365.
LaTeX Font Info:    Redeclaring math symbol \Xi on input line 366.
LaTeX Font Info:    Redeclaring math symbol \Pi on input line 367.
LaTeX Font Info:    Redeclaring math symbol \Sigma on input line 368.
LaTeX Font Info:    Redeclaring math symbol \Upsilon on input line 369.
LaTeX Font Info:    Redeclaring math symbol \Phi on input line 370.
LaTeX Font Info:    Redeclaring math symbol \Psi on input line 371.
LaTeX Font Info:    Redeclaring math symbol \Omega on input line 372.
\tocchpnum=\dimen112
\tocsecnum=\dimen113
\tocsectotal=\dimen114
\tocsubsecnum=\dimen115
\tocsubsectotal=\dimen116
\tocsubsubsecnum=\dimen117
\tocsubsubsectotal=\dimen118
\tocparanum=\dimen119
\tocparatotal=\dimen120
\tocsubparanum=\dimen121
\@tempcntc=\count98
\fnindent=\dimen122
\c@@inst=\count99
\c@@auth=\count100
\c@auco=\count101
\instindent=\dimen123
\authrun=\box53
\authorrunning=\toks14
\tocauthor=\toks15
\titrun=\box54
\titlerunning=\toks16
\toctitle=\toks17
\c@theorem=\count102
\c@case=\count103
\c@conjecture=\count104
\c@corollary=\count105
\c@definition=\count106
\c@example=\count107
\c@exercise=\count108
\c@lemma=\count109
\c@note=\count110
\c@problem=\count111
\c@property=\count112
\c@proposition=\count113
\c@question=\count114
\c@solution=\count115
\c@remark=\count116
\headlineindent=\dimen124
)
(/usr/share/texlive/texmf-dist/tex/latex/multirow/multirow.sty
Package: multirow 2019/01/01 v2.4 Span multiple rows of a table
\multirow@colwidth=\skip45
\multirow@cntb=\count117
\multirow@dima=\skip46
\bigstrutjot=\dimen125
)
(/usr/share/texlive/texmf-dist/tex/latex/tools/array.sty
Package: array 2018/12/30 v2.4k Tabular extension package (FMi)
\col@sep=\dimen126
\ar@mcellbox=\box55
\extrarowheight=\dimen127
\NC@list=\toks18
\extratabsurround=\skip47
\backup@length=\skip48
\ar@cellbox=\box56
)
(/usr/share/texlive/texmf-dist/tex/latex/tabulary/tabulary.sty
Package: tabulary 2014/06/11 v0.10 tabulary package (DPC)
\TY@count=\count118
\TY@linewidth=\dimen128
\tymin=\dimen129
\tymax=\dimen130
\TY@tablewidth=\dimen131
)
(/usr/share/texlive/texmf-dist/tex/latex/graphics/graphicx.sty
Package: graphicx 2017/06/01 v1.1a Enhanced LaTeX Graphics (DPC,SPQR)

(/usr/share/texlive/texmf-dist/tex/latex/graphics/keyval.sty
Package: keyval 2014/10/28 v1.15 key=value parser (DPC)
\KV@toks@=\toks19
)
(/usr/share/texlive/texmf-dist/tex/latex/graphics/graphics.sty
Package: graphics 2017/06/25 v1.2c Standard LaTeX Graphics (DPC,SPQR)

(/usr/share/texlive/texmf-dist/tex/latex/graphics/trig.sty
Package: trig 2016/01/03 v1.10 sin cos tan (DPC)
)
(/usr/share/texlive/texmf-dist/tex/latex/graphics-cfg/graphics.cfg
File: graphics.cfg 2016/06/04 v1.11 sample graphics configuration
)
Package graphics Info: Driver file: pdftex.def on input line 99.

(/usr/share/texlive/texmf-dist/tex/latex/graphics-def/pdftex.def
File: pdftex.def 2018/01/08 v1.0l Graphics/color driver for pdftex
))
\Gin@req@height=\dimen132
\Gin@req@width=\dimen133
) (./main.aux

LaTeX Warning: Label `sec:introduction' multiply defined.

)
\openout1 = `main.aux'.

LaTeX Font Info:    Checking defaults for OML/cmm/m/it on input line 8.
LaTeX Font Info:    ... okay on input line 8.
LaTeX Font Info:    Checking defaults for T1/cmr/m/n on input line 8.
LaTeX Font Info:    ... okay on input line 8.
LaTeX Font Info:    Checking defaults for OT1/cmr/m/n on input line 8.
LaTeX Font Info:    ... okay on input line 8.
LaTeX Font Info:    Checking defaults for OMS/cmsy/m/n on input line 8.
LaTeX Font Info:    ... okay on input line 8.
LaTeX Font Info:    Checking defaults for OMX/cmex/m/n on input line 8.
LaTeX Font Info:    ... okay on input line 8.
LaTeX Font Info:    Checking defaults for U/cmr/m/n on input line 8.
LaTeX Font Info:    ... okay on input line 8.
 (/usr/share/texlive/texmf-dist/tex/context/base/mkii/supp-pdf.mkii
[Loading MPS to PDF converter (version 2006.09.02).]
\scratchcounter=\count119
\scratchdimen=\dimen134
\scratchbox=\box57
\nofMPsegments=\count120
\nofMParguments=\count121
\everyMPshowfont=\toks20
\MPscratchCnt=\count122
\MPscratchDim=\dimen135
\MPnumerator=\count123
\makeMPintoPDFobject=\count124
\everyMPtoPDFconversion=\toks21
) (/usr/share/texlive/texmf-dist/tex/latex/oberdiek/epstopdf-base.sty
Package: epstopdf-base 2016/05/15 v2.6 Base part for package epstopdf

(/usr/share/texlive/texmf-dist/tex/generic/oberdiek/infwarerr.sty
Package: infwarerr 2016/05/16 v1.4 Providing info/warning/error messages (HO)
)
(/usr/share/texlive/texmf-dist/tex/latex/oberdiek/grfext.sty
Package: grfext 2016/05/16 v1.2 Manage graphics extensions (HO)

(/usr/share/texlive/texmf-dist/tex/generic/oberdiek/kvdefinekeys.sty
Package: kvdefinekeys 2016/05/16 v1.4 Define keys (HO)

(/usr/share/texlive/texmf-dist/tex/generic/oberdiek/ltxcmds.sty
Package: ltxcmds 2016/05/16 v1.23 LaTeX kernel commands for general use (HO)
)))
(/usr/share/texlive/texmf-dist/tex/latex/oberdiek/kvoptions.sty
Package: kvoptions 2016/05/16 v3.12 Key value format for package options (HO)

(/usr/share/texlive/texmf-dist/tex/generic/oberdiek/kvsetkeys.sty
Package: kvsetkeys 2016/05/16 v1.17 Key value parser (HO)

(/usr/share/texlive/texmf-dist/tex/generic/oberdiek/etexcmds.sty
Package: etexcmds 2016/05/16 v1.6 Avoid name clashes with e-TeX commands (HO)

(/usr/share/texlive/texmf-dist/tex/generic/oberdiek/ifluatex.sty
Package: ifluatex 2016/05/16 v1.4 Provides the ifluatex switch (HO)
Package ifluatex Info: LuaTeX not detected.
))))
(/usr/share/texlive/texmf-dist/tex/generic/oberdiek/pdftexcmds.sty
Package: pdftexcmds 2018/09/10 v0.29 Utility functions of pdfTeX for LuaTeX (HO
)

(/usr/share/texlive/texmf-dist/tex/generic/oberdiek/ifpdf.sty
Package: ifpdf 2018/09/07 v3.3 Provides the ifpdf switch
)
Package pdftexcmds Info: LuaTeX not detected.
Package pdftexcmds Info: \pdf@primitive is available.
Package pdftexcmds Info: \pdf@ifprimitive is available.
Package pdftexcmds Info: \pdfdraftmode found.
)
Package epstopdf-base Info: Redefining graphics rule for `.eps' on input line 4
38.
Package grfext Info: Graphics extension search list:
(grfext)             [.pdf,.png,.jpg,.mps,.jpeg,.jbig2,.jb2,.PDF,.PNG,.JPG,.JPE
G,.JBIG2,.JB2,.eps]
(grfext)             \AppendGraphicsExtensions on input line 456.

(/usr/share/texlive/texmf-dist/tex/latex/latexconfig/epstopdf-sys.cfg
File: epstopdf-sys.cfg 2010/07/13 v1.3 Configuration of (r)epstopdf for TeX Liv
e
))
LaTeX Font Info:    External font `cmex10' loaded for size
(Font)              <7> on input line 21.
LaTeX Font Info:    External font `cmex10' loaded for size
(Font)              <5> on input line 21.

(./abstract.tex) (./introduction.tex [1

{/var/lib/texmf/fonts/map/pdftex/updmap/pdftex.map}]
Underfull \vbox (badness 10000) has occurred while \output is active []

 [2])
(./research_questions.tex [3]) (./methodology.tex [4] (./fp-apis.tex
Overfull \hbox (22.23619pt too wide) in paragraph at lines 6--7
\OT1/cmr/m/n/10 tion of APIs that seem in-no-cent, such as \OT1/cmtt/m/n/10 Nav
igator.plugins\OT1/cmr/m/n/10 , \OT1/cmtt/m/n/10 Navigator.userAgent\OT1/cmr/m/
n/10 ,
 []

LaTeX Font Info:    External font `cmex10' loaded for size
(Font)              <9> on input line 8.
LaTeX Font Info:    External font `cmex10' loaded for size
(Font)              <6> on input line 8.
[5]) [6]) (./analysis.tex
Overfull \hbox (4.40375pt too wide) in paragraph at lines 80--1
[]\OT1/cmr/m/n/10 For our study, we used the CVE data from the Na-tional Vul-ne
r-a-bil-ity Database
 []

(./analysis-feature.tex [7]
Overfull \hbox (12.09924pt too wide) in paragraph at lines 38--47
[]\OT1/cmr/m/n/10 Our anal-y-sis sug-gests that Chrome pos-sesses 9482 per-sis-
tent, 711 non-persistent,
 []

<figures/chrome-feature-categories.png, id=34, 362.007pt x 217.467pt>
File: figures/chrome-feature-categories.png Graphic file (type png)
<use figures/chrome-feature-categories.png>
Package pdftex.def Info: figures/chrome-feature-categories.png  used on input l
ine 50.
(pdftex.def)             Requested size: 347.12354pt x 208.52701pt.
<figures/firefox-feature-categories.png, id=35, 361.788pt x 217.467pt>
File: figures/firefox-feature-categories.png Graphic file (type png)
<use figures/firefox-feature-categories.png>
Package pdftex.def Info: figures/firefox-feature-categories.png  used on input 
line 57.
(pdftex.def)             Requested size: 347.12354pt x 208.6531pt.
<figures/Firefox-add-remove.png, id=36, 1038.7608pt x 613.5723pt>
File: figures/Firefox-add-remove.png Graphic file (type png)
<use figures/Firefox-add-remove.png>
Package pdftex.def Info: figures/Firefox-add-remove.png  used on input line 88.

(pdftex.def)             Requested size: 347.12354pt x 205.0354pt.
<figures/Chrome-add-remove.png, id=37, 1038.7608pt x 613.5723pt>
File: figures/Chrome-add-remove.png Graphic file (type png)
<use figures/Chrome-add-remove.png>
Package pdftex.def Info: figures/Chrome-add-remove.png  used on input line 95.
(pdftex.def)             Requested size: 347.12354pt x 205.0354pt.
[8]
<figures/Feature-Trends.PNG, id=41, 1074.414pt x 613.5723pt>
File: figures/Feature-Trends.PNG Graphic file (type png)
<use figures/Feature-Trends.PNG>
Package pdftex.def Info: figures/Feature-Trends.PNG  used on input line 111.
(pdftex.def)             Requested size: 347.12354pt x 198.22897pt.
) (./analysis-fingerprinting.tex [9 <./figures/chrome-feature-categories.png>] 
[10 <./figures/firefox-feature-categories.png>]
<figures/Fingerprinting-APIs.png, id=50, 1356.7488pt x 580.569pt>
File: figures/Fingerprinting-APIs.png Graphic file (type png)
<use figures/Fingerprinting-APIs.png>
Package pdftex.def Info: figures/Fingerprinting-APIs.png  used on input line 65
.
(pdftex.def)             Requested size: 347.12354pt x 148.53479pt.
)
(./analysis-vulnerability.tex
Underfull \vbox (badness 3919) has occurred while \output is active []

 [11 <./figures/Firefox-add-remove.png (PNG copy)>]
<figures/Chrome-Vulnerabilities.png, id=54, 619.77pt x 346.677pt>
File: figures/Chrome-Vulnerabilities.png Graphic file (type png)
<use figures/Chrome-Vulnerabilities.png>
Package pdftex.def Info: figures/Chrome-Vulnerabilities.png  used on input line
 29.
(pdftex.def)             Requested size: 347.12354pt x 194.16953pt.
<figures/Firefox-Vulnerabilities.png, id=55, 619.77pt x 346.677pt>
File: figures/Firefox-Vulnerabilities.png Graphic file (type png)
<use figures/Firefox-Vulnerabilities.png>
Package pdftex.def Info: figures/Firefox-Vulnerabilities.png  used on input lin
e 36.
(pdftex.def)             Requested size: 347.12354pt x 194.16953pt.
)) (./related-work.tex [12 <./figures/Chrome-add-remove.png (PNG copy)>] [13 <.
/figures/Feature-Trends.png (PNG copy)>] [14 <./figures/Fingerprinting-APIs.png
 (PNG copy)>]) (./conclusion.tex
[15 <./figures/Chrome-Vulnerabilities.png>]) (./main.bbl
Missing character: There is no â in font cmr9!
Missing character: There is no € in font cmr9!
Missing character: There is no “ in font cmr9!

Underfull \hbox (badness 1436) in paragraph at lines 22--28
[]\OT1/cmr/m/n/9 Acar, G., Juarez, M., Niki-forakis, N., Diaz, C., G^^?urses, S
., Piessens, F.,
 []


Underfull \hbox (badness 1490) in paragraph at lines 22--28
\OT1/cmr/m/n/9 Pre-neel, B.: Fpde-tec-tive: Dust-ing the web for fin-ger-print-
ers. In: Pro-ceed-
 []


Underfull \hbox (badness 1210) in paragraph at lines 22--28
\OT1/cmr/m/n/9 ings of the 2013 ACM SIGSAC Con-fer-ence on Com-puter & Com-mu-n
i-ca-
 []


Underfull \hbox (badness 1292) in paragraph at lines 22--28
\OT1/cmr/m/n/9 tions Se-cu-rity. p. 11291140. CCS '13, As-so-ci-a-tion for Com-
put-ing Ma-chin-
 []


Underfull \hbox (badness 1783) in paragraph at lines 22--28
\OT1/cmr/m/n/9 ery, New York, NY, USA (2013). https://doi.org/10.1145/2508859.2
516674,
 []

[16 <./figures/Firefox-Vulnerabilities.png>]
Underfull \hbox (badness 10000) in paragraph at lines 38--40
[]\OT1/cmr/m/n/9 BrowserStack: App & Browser Test-ing Made Easy.
 []

LaTeX Font Info:    Try loading font information for OMS+cmr on input line 51.
(/usr/share/texlive/texmf-dist/tex/latex/base/omscmr.fd
File: omscmr.fd 2014/09/29 v2.5h Standard LaTeX font definitions
)
LaTeX Font Info:    Font shape `OMS/cmr/m/n' in size <9> not available
(Font)              Font shape `OMS/cmsy/m/n' tried instead on input line 51.

Overfull \hbox (64.41393pt too wide) in paragraph at lines 51--54
[]\OT1/cmr/m/n/9 Chrome, G.: New In Chrome 56 \OMS/cmsy/m/n/9 j \OT1/cmr/m/n/9 
Web. https://developers.google.com/web/updates/2017/01/nic56
 []


Underfull \hbox (badness 4779) in paragraph at lines 56--58
[]\OT1/cmr/m/n/9 Cloudwards: Most Se-cure Web Browser of 2020: Stay-ing Safe On
-line.
 []


Underfull \hbox (badness 4634) in paragraph at lines 65--68
[]\OT1/cmr/m/n/9 Firefox, M.: Fire-fox 51.0, See All New Fea-tures, Up-dates an
d Fixes.
 []


Underfull \hbox (badness 2088) in paragraph at lines 65--68
\OT1/cmr/m/n/9 https://www.mozilla.org/en-US/firefox/51.0/releasenotes/ (2017),
 [On-line; ac-
 []


Underfull \hbox (badness 10000) in paragraph at lines 70--73
[]\OT1/cmr/m/n/9 Firefox, M.: How to block fin-ger-print-ing with fire-fox.
 []

Missing character: There is no â in font cmr9!
Missing character: There is no € in font cmr9!
Missing character: There is no “ in font cmr9!

Underfull \hbox (badness 1371) in paragraph at lines 75--81
\OT1/cmr/m/n/9 y-sis of the ef-fec-tive-ness of browser fin-ger-print-ing at la
rge scale. In: Pro-
 []


Underfull \hbox (badness 1810) in paragraph at lines 75--81
\OT1/cmr/m/n/9 In-ter-na-tional World Wide Web Con-fer-ences Steer-ing Com-mit-
tee, Re-pub-lic
 []


Underfull \hbox (badness 10000) in paragraph at lines 98--101
[]\OT1/cmr/m/n/9 Mozilla: How to block fin-ger-print-ing with Fire-fox .
 []


Underfull \hbox (badness 10000) in paragraph at lines 103--105
[]\OT1/cmr/m/n/9 Mozilla: Progress in Our Quest to De-feat Browser Crashes.
 []

Missing character: There is no Å in font cmr9!

Underfull \hbox (badness 10000) in paragraph at lines 122--124
[]\OT1/cmr/m/n/9 Snyder, P., Livshits, B.: Brave, fin-ger-print-ing, and pri-va
cy bud-gets.
 []

[17]) [18] (./main.aux)

LaTeX Warning: There were multiply-defined labels.

 ) 
Here is how much of TeX's memory you used:
 2151 strings out of 494560
 30417 string characters out of 6177447
 98637 words of memory out of 5000000
 5754 multiletter control sequences out of 15000+600000
 7803 words of font info for 28 fonts, out of 8000000 for 9000
 14 hyphenation exceptions out of 8191
 41i,9n,25p,1040b,296s stack positions out of 5000i,500n,10000p,200000b,80000s
</usr/share/texlive/texmf-dist/fonts/type1/public/amsfonts/cm/cmbx10.pfb></us
r/share/texlive/texmf-dist/fonts/type1/public/amsfonts/cm/cmbx12.pfb></usr/shar
e/texlive/texmf-dist/fonts/type1/public/amsfonts/cm/cmbx9.pfb></usr/share/texli
ve/texmf-dist/fonts/type1/public/amsfonts/cm/cmr10.pfb></usr/share/texlive/texm
f-dist/fonts/type1/public/amsfonts/cm/cmr6.pfb></usr/share/texlive/texmf-dist/f
onts/type1/public/amsfonts/cm/cmr7.pfb></usr/share/texlive/texmf-dist/fonts/typ
e1/public/amsfonts/cm/cmr9.pfb></usr/share/texlive/texmf-dist/fonts/type1/publi
c/amsfonts/cm/cmsy9.pfb></usr/share/texlive/texmf-dist/fonts/type1/public/amsfo
nts/cm/cmti10.pfb></usr/share/texlive/texmf-dist/fonts/type1/public/amsfonts/cm
/cmtt10.pfb>
Output written on main.pdf (18 pages, 1516575 bytes).
PDF statistics:
 114 PDF objects out of 1000 (max. 8388607)
 71 compressed objects within 1 object stream
 0 named destinations out of 1000 (max. 500000)
 41 words of extra memory for PDF output out of 10000 (max. 10000000)

